<?xml version="1.0" encoding="UTF-8"?>
<!-- Generated by org.testng.reporters.JUnitXMLReporter -->
<testsuite ignored="0" hostname="Satheesh-Vidhya-Venpa" failures="1" tests="2" name="AskOmDch Test Automation" time="10.761" errors="0" timestamp="2022-10-16T21:36:31 IST">
  <testcase classname="com.askomdch.testclasses.MyFirstTestCase" name="guestCheckoutUsing_DirectBankTransfer" time="6.054"/>
  <testcase classname="com.askomdch.testclasses.MyFirstTestCase" name="loginAndCheckoutUsing_DirectBankTransfer" time="0.626">
    <failure type="java.lang.AssertionError" message="expected [true] but found [false]">
      <![CDATA[java.lang.AssertionError: expected [true] but found [false]
at com.askomdch.testclasses.MyFirstTestCase.loginAndCheckoutUsing_DirectBankTransfer(MyFirstTestCase.java:48)
at java.base/java.util.ArrayList.forEach(ArrayList.java:1541)
... Removed 31 stack frames]]>
    </failure>
  </testcase> <!-- loginAndCheckoutUsing_DirectBankTransfer -->
</testsuite> <!-- AskOmDch Test Automation -->
